 prometheus Pulling 
 grafana Pulling 
 476716c10da1 Pulling fs layer 
 6e174226ea69 Pulling fs layer 
 3540d00d3a8d Pulling fs layer 
 464d91115c2e Pulling fs layer 
 6b1ef42fa3bc Pulling fs layer 
 c049b4b5b81d Pulling fs layer 
 7f46d17c4b0f Pulling fs layer 
 4f4fb700ef54 Pulling fs layer 
 ded2bfdd8adf Pulling fs layer 
 9f1d07f40523 Pulling fs layer 
 2dfc70ad9941 Pulling fs layer 
 fd1d3a5a5f79 Pulling fs layer 
 feadeb862692 Pulling fs layer 
 95d87e5ba19a Pulling fs layer 
 197a814c6a2c Pulling fs layer 
 d2f8aae8d80e Pulling fs layer 
 d932d57a546b Pulling fs layer 
 7fb55c4e976b Pulling fs layer 
 6ce8b87a9754 Pulling fs layer 
 76619c1908eb Pulling fs layer 
 476716c10da1 Download complete 
 d2f8aae8d80e Download complete 
 2dfc70ad9941 Download complete 
 6e174226ea69 Downloading [============>                                      ]  1.049MB/4.131MB
 6e174226ea69 Downloading [=========================>                         ]  2.097MB/4.131MB
 6e174226ea69 Downloading [======================================>            ]  3.146MB/4.131MB
 6e174226ea69 Downloading [======================================>            ]  3.146MB/4.131MB
 d932d57a546b Downloading [>                                                  ]  1.049MB/60.6MB
 6e174226ea69 Download complete 
 6e174226ea69 Pull complete 
 d932d57a546b Downloading [=>                                                 ]  2.097MB/60.6MB
 feadeb862692 Download complete 
 d932d57a546b Downloading [=>                                                 ]  2.097MB/60.6MB
 95d87e5ba19a Download complete 
 4f4fb700ef54 Download complete 
 7f46d17c4b0f Download complete 
 3540d00d3a8d Download complete 
 3540d00d3a8d Pull complete 
 d932d57a546b Downloading [=>                                                 ]  2.097MB/60.6MB
 ded2bfdd8adf Download complete 
 d932d57a546b Downloading [=>                                                 ]  2.097MB/60.6MB
 fd1d3a5a5f79 Download complete 
 d932d57a546b Downloading [==>                                                ]  3.146MB/60.6MB
 d932d57a546b Downloading [==>                                                ]  3.146MB/60.6MB
 464d91115c2e Downloading [==============>                                    ]  1.049MB/3.69MB
 d932d57a546b Downloading [==>                                                ]  3.146MB/60.6MB
 464d91115c2e Downloading [==============>                                    ]  1.049MB/3.69MB
 d932d57a546b Downloading [==>                                                ]  3.146MB/60.6MB
 464d91115c2e Downloading [==============>                                    ]  1.049MB/3.69MB
 9f1d07f40523 Download complete 
 d932d57a546b Downloading [===>                                               ]  4.194MB/60.6MB
 464d91115c2e Downloading [==============>                                    ]  1.049MB/3.69MB
 76619c1908eb Download complete 
 d932d57a546b Downloading [===>                                               ]  4.194MB/60.6MB
 197a814c6a2c Download complete 
 464d91115c2e Downloading [============================>                      ]  2.097MB/3.69MB
 d932d57a546b Downloading [====>                                              ]  5.243MB/60.6MB
 464d91115c2e Downloading [==========================================>        ]  3.146MB/3.69MB
 d932d57a546b Downloading [=====>                                             ]  6.291MB/60.6MB
 7fb55c4e976b Downloading [>                                                  ]  1.049MB/55.16MB
 464d91115c2e Download complete 
 c049b4b5b81d Downloading [>                                                  ]  1.049MB/102.5MB
 4f4fb700ef54 Pull complete 
 ded2bfdd8adf Pull complete 
 9f1d07f40523 Pull complete 
 464d91115c2e Pull complete 
 6ce8b87a9754 Download complete 
 d932d57a546b Downloading [======>                                            ]   7.34MB/60.6MB
 7fb55c4e976b Downloading [>                                                  ]  1.049MB/55.16MB
 d2f8aae8d80e Pull complete 
 6ce8b87a9754 Pull complete 
 c049b4b5b81d Downloading [>                                                  ]  1.049MB/102.5MB
 d932d57a546b Downloading [======>                                            ]   7.34MB/60.6MB
 7fb55c4e976b Downloading [>                                                  ]  1.049MB/55.16MB
 c049b4b5b81d Downloading [>                                                  ]  1.049MB/102.5MB
 d932d57a546b Downloading [======>                                            ]   7.34MB/60.6MB
 7fb55c4e976b Downloading [>                                                  ]  1.049MB/55.16MB
 c049b4b5b81d Downloading [>                                                  ]  1.049MB/102.5MB
 d932d57a546b Downloading [======>                                            ]  8.389MB/60.6MB
 7fb55c4e976b Downloading [=>                                                 ]  2.097MB/55.16MB
 c049b4b5b81d Downloading [=>                                                 ]  2.097MB/102.5MB
 d932d57a546b Downloading [======>                                            ]  8.389MB/60.6MB
 7fb55c4e976b Downloading [==>                                                ]  3.146MB/55.16MB
 c049b4b5b81d Downloading [=>                                                 ]  2.097MB/102.5MB
 d932d57a546b Downloading [======>                                            ]  8.389MB/60.6MB
 7fb55c4e976b Downloading [==>                                                ]  3.146MB/55.16MB
 c049b4b5b81d Downloading [=>                                                 ]  2.097MB/102.5MB
 d932d57a546b Downloading [=======>                                           ]  9.437MB/60.6MB
 7fb55c4e976b Downloading [==>                                                ]  3.146MB/55.16MB
 c049b4b5b81d Downloading [=>                                                 ]  2.097MB/102.5MB
 d932d57a546b Downloading [=======>                                           ]  9.437MB/60.6MB
 7fb55c4e976b Downloading [==>                                                ]  3.146MB/55.16MB
 6b1ef42fa3bc Downloading [>                                                  ]  1.049MB/75.51MB
 c049b4b5b81d Downloading [=>                                                 ]  3.146MB/102.5MB
 d932d57a546b Downloading [=======>                                           ]  9.437MB/60.6MB
 7fb55c4e976b Downloading [==>                                                ]  3.146MB/55.16MB
 6b1ef42fa3bc Downloading [>                                                  ]  1.049MB/75.51MB
 c049b4b5b81d Downloading [=>                                                 ]  3.146MB/102.5MB
 d932d57a546b Downloading [========>                                          ]  10.49MB/60.6MB
 7fb55c4e976b Downloading [===>                                               ]  4.194MB/55.16MB
 6b1ef42fa3bc Downloading [>                                                  ]  1.049MB/75.51MB
 c049b4b5b81d Downloading [=>                                                 ]  3.146MB/102.5MB
 d932d57a546b Downloading [========>                                          ]  10.49MB/60.6MB
 7fb55c4e976b Downloading [===>                                               ]  4.194MB/55.16MB
 6b1ef42fa3bc Downloading [=>                                                 ]  2.097MB/75.51MB
 c049b4b5b81d Downloading [=>                                                 ]  3.146MB/102.5MB
 d932d57a546b Downloading [========>                                          ]  10.49MB/60.6MB
 7fb55c4e976b Downloading [===>                                               ]  4.194MB/55.16MB
 6b1ef42fa3bc Downloading [=>                                                 ]  2.097MB/75.51MB
 c049b4b5b81d Downloading [=>                                                 ]  3.146MB/102.5MB
 d932d57a546b Downloading [========>                                          ]  10.49MB/60.6MB
 7fb55c4e976b Downloading [===>                                               ]  4.194MB/55.16MB
 6b1ef42fa3bc Downloading [=>                                                 ]  2.097MB/75.51MB
 c049b4b5b81d Downloading [=>                                                 ]  3.146MB/102.5MB
 7fb55c4e976b Downloading [===>                                               ]  4.194MB/55.16MB
 d932d57a546b Downloading [========>                                          ]  10.49MB/60.6MB
 6b1ef42fa3bc Downloading [=>                                                 ]  2.097MB/75.51MB
 c049b4b5b81d Downloading [==>                                                ]  4.194MB/102.5MB
 d932d57a546b Downloading [========>                                          ]  10.49MB/60.6MB
 7fb55c4e976b Downloading [====>                                              ]  5.243MB/55.16MB
 6b1ef42fa3bc Downloading [==>                                                ]  3.146MB/75.51MB
 c049b4b5b81d Downloading [==>                                                ]  4.194MB/102.5MB
 d932d57a546b Downloading [=========>                                         ]  11.53MB/60.6MB
 7fb55c4e976b Downloading [====>                                              ]  5.243MB/55.16MB
 6b1ef42fa3bc Downloading [==>                                                ]  3.146MB/75.51MB
 c049b4b5b81d Downloading [==>                                                ]  4.194MB/102.5MB
 d932d57a546b Downloading [==========>                                        ]  12.58MB/60.6MB
 7fb55c4e976b Downloading [=====>                                             ]  6.291MB/55.16MB
 6b1ef42fa3bc Downloading [==>                                                ]  4.194MB/75.51MB
 c049b4b5b81d Downloading [==>                                                ]  5.243MB/102.5MB
 d932d57a546b Downloading [==========>                                        ]  12.58MB/60.6MB
 7fb55c4e976b Downloading [=====>                                             ]  6.291MB/55.16MB
 6b1ef42fa3bc Downloading [==>                                                ]  4.194MB/75.51MB
 c049b4b5b81d Downloading [==>                                                ]  5.243MB/102.5MB
 d932d57a546b Downloading [==========>                                        ]  12.58MB/60.6MB
 7fb55c4e976b Downloading [=====>                                             ]  6.291MB/55.16MB
 6b1ef42fa3bc Downloading [==>                                                ]  4.194MB/75.51MB
 c049b4b5b81d Downloading [==>                                                ]  5.243MB/102.5MB
 d932d57a546b Downloading [===========>                                       ]  13.63MB/60.6MB
 7fb55c4e976b Downloading [=====>                                             ]  6.291MB/55.16MB
 6b1ef42fa3bc Downloading [===>                                               ]  5.243MB/75.51MB
 c049b4b5b81d Downloading [==>                                                ]  5.243MB/102.5MB
 7fb55c4e976b Downloading [======>                                            ]   7.34MB/55.16MB
 d932d57a546b Downloading [===========>                                       ]  13.63MB/60.6MB
 6b1ef42fa3bc Downloading [===>                                               ]  5.243MB/75.51MB
 c049b4b5b81d Downloading [==>                                                ]  5.243MB/102.5MB
 d932d57a546b Downloading [===========>                                       ]  13.63MB/60.6MB
 7fb55c4e976b Downloading [======>                                            ]   7.34MB/55.16MB
 6b1ef42fa3bc Downloading [===>                                               ]  5.243MB/75.51MB
 c049b4b5b81d Downloading [==>                                                ]  5.243MB/102.5MB
 d932d57a546b Downloading [===========>                                       ]  13.63MB/60.6MB
 7fb55c4e976b Downloading [======>                                            ]   7.34MB/55.16MB
 6b1ef42fa3bc Downloading [===>                                               ]  5.243MB/75.51MB
 c049b4b5b81d Downloading [==>                                                ]  5.243MB/102.5MB
 d932d57a546b Downloading [===========>                                       ]  13.63MB/60.6MB
 7fb55c4e976b Downloading [=======>                                           ]  8.389MB/55.16MB
 6b1ef42fa3bc Downloading [====>                                              ]  6.291MB/75.51MB
 c049b4b5b81d Downloading [==>                                                ]  5.243MB/102.5MB
 d932d57a546b Downloading [============>                                      ]  14.68MB/60.6MB
 7fb55c4e976b Downloading [=======>                                           ]  8.389MB/55.16MB
 6b1ef42fa3bc Downloading [====>                                              ]  6.291MB/75.51MB
 c049b4b5b81d Downloading [===>                                               ]  6.291MB/102.5MB
 d932d57a546b Downloading [============>                                      ]  14.68MB/60.6MB
 7fb55c4e976b Downloading [========>                                          ]  9.437MB/55.16MB
 6b1ef42fa3bc Downloading [====>                                              ]   7.34MB/75.51MB
 c049b4b5b81d Downloading [===>                                               ]  6.291MB/102.5MB
 d932d57a546b Downloading [============>                                      ]  14.68MB/60.6MB
 7fb55c4e976b Downloading [========>                                          ]  9.437MB/55.16MB
 6b1ef42fa3bc Downloading [====>                                              ]   7.34MB/75.51MB
 c049b4b5b81d Downloading [===>                                               ]  6.291MB/102.5MB
 7fb55c4e976b Downloading [========>                                          ]  9.437MB/55.16MB
 d932d57a546b Downloading [============>                                      ]  15.73MB/60.6MB
 6b1ef42fa3bc Downloading [====>                                              ]   7.34MB/75.51MB
 c049b4b5b81d Downloading [===>                                               ]   7.34MB/102.5MB
 d932d57a546b Downloading [============>                                      ]  15.73MB/60.6MB
 7fb55c4e976b Downloading [========>                                          ]  9.437MB/55.16MB
 6b1ef42fa3bc Downloading [=====>                                             ]  8.389MB/75.51MB
 c049b4b5b81d Downloading [===>                                               ]   7.34MB/102.5MB
 d932d57a546b Downloading [============>                                      ]  15.73MB/60.6MB
 7fb55c4e976b Downloading [=========>                                         ]  10.49MB/55.16MB
 6b1ef42fa3bc Downloading [=====>                                             ]  8.389MB/75.51MB
 c049b4b5b81d Downloading [===>                                               ]   7.34MB/102.5MB
 d932d57a546b Downloading [=============>                                     ]  16.78MB/60.6MB
 7fb55c4e976b Downloading [=========>                                         ]  10.49MB/55.16MB
 6b1ef42fa3bc Downloading [======>                                            ]  9.437MB/75.51MB
 c049b4b5b81d Downloading [===>                                               ]   7.34MB/102.5MB
 7fb55c4e976b Downloading [=========>                                         ]  10.49MB/55.16MB
 d932d57a546b Downloading [=============>                                     ]  16.78MB/60.6MB
 6b1ef42fa3bc Downloading [======>                                            ]  9.437MB/75.51MB
 c049b4b5b81d Downloading [===>                                               ]   7.34MB/102.5MB
 d932d57a546b Downloading [=============>                                     ]  16.78MB/60.6MB
 7fb55c4e976b Downloading [=========>                                         ]  10.49MB/55.16MB
 6b1ef42fa3bc Downloading [======>                                            ]  9.437MB/75.51MB
 c049b4b5b81d Downloading [===>                                               ]   7.34MB/102.5MB
 d932d57a546b Downloading [=============>                                     ]  16.78MB/60.6MB
 7fb55c4e976b Downloading [==========>                                        ]  11.53MB/55.16MB
 6b1ef42fa3bc Downloading [======>                                            ]  10.49MB/75.51MB
 c049b4b5b81d Downloading [====>                                              ]  8.389MB/102.5MB
 d932d57a546b Downloading [==============>                                    ]  17.83MB/60.6MB
 7fb55c4e976b Downloading [==========>                                        ]  11.53MB/55.16MB
 6b1ef42fa3bc Downloading [======>                                            ]  10.49MB/75.51MB
 c049b4b5b81d Downloading [====>                                              ]  8.389MB/102.5MB
 d932d57a546b Downloading [==============>                                    ]  17.83MB/60.6MB
 7fb55c4e976b Downloading [==========>                                        ]  11.53MB/55.16MB
 6b1ef42fa3bc Downloading [======>                                            ]  10.49MB/75.51MB
 c049b4b5b81d Downloading [====>                                              ]  8.389MB/102.5MB
 d932d57a546b Downloading [==============>                                    ]  17.83MB/60.6MB
 7fb55c4e976b Downloading [==========>                                        ]  11.53MB/55.16MB
 6b1ef42fa3bc Downloading [======>                                            ]  10.49MB/75.51MB
 c049b4b5b81d Downloading [====>                                              ]  8.389MB/102.5MB
 d932d57a546b Downloading [==============>                                    ]  17.83MB/60.6MB
 7fb55c4e976b Downloading [===========>                                       ]  12.58MB/55.16MB
 6b1ef42fa3bc Downloading [=======>                                           ]  11.53MB/75.51MB
 c049b4b5b81d Downloading [====>                                              ]  8.389MB/102.5MB
 7fb55c4e976b Downloading [============>                                      ]  13.63MB/55.16MB
 d932d57a546b Downloading [===============>                                   ]  18.87MB/60.6MB
 6b1ef42fa3bc Downloading [========>                                          ]  12.58MB/75.51MB
 c049b4b5b81d Downloading [====>                                              ]  9.437MB/102.5MB
 d932d57a546b Downloading [===============>                                   ]  18.87MB/60.6MB
 7fb55c4e976b Downloading [============>                                      ]  13.63MB/55.16MB
 6b1ef42fa3bc Downloading [========>                                          ]  12.58MB/75.51MB
 c049b4b5b81d Downloading [====>                                              ]  9.437MB/102.5MB
 d932d57a546b Downloading [===============>                                   ]  18.87MB/60.6MB
 7fb55c4e976b Downloading [============>                                      ]  13.63MB/55.16MB
 6b1ef42fa3bc Downloading [========>                                          ]  12.58MB/75.51MB
 c049b4b5b81d Downloading [====>                                              ]  9.437MB/102.5MB
 7fb55c4e976b Downloading [============>                                      ]  13.63MB/55.16MB
 d932d57a546b Downloading [===============>                                   ]  18.87MB/60.6MB
 6b1ef42fa3bc Downloading [========>                                          ]  12.58MB/75.51MB
 c049b4b5b81d Downloading [=====>                                             ]  10.49MB/102.5MB
 d932d57a546b Downloading [===============>                                   ]  18.87MB/60.6MB
 7fb55c4e976b Downloading [============>                                      ]  13.63MB/55.16MB
 6b1ef42fa3bc Downloading [=========>                                         ]  13.63MB/75.51MB
 c049b4b5b81d Downloading [=====>                                             ]  10.49MB/102.5MB
 d932d57a546b Downloading [================>                                  ]  19.92MB/60.6MB
 7fb55c4e976b Downloading [=============>                                     ]  14.68MB/55.16MB
 6b1ef42fa3bc Downloading [=========>                                         ]  13.63MB/75.51MB
 c049b4b5b81d Downloading [=====>                                             ]  10.49MB/102.5MB
 d932d57a546b Downloading [================>                                  ]  19.92MB/60.6MB
 7fb55c4e976b Downloading [=============>                                     ]  14.68MB/55.16MB
 c049b4b5b81d Downloading [=====>                                             ]  10.49MB/102.5MB
 6b1ef42fa3bc Downloading [=========>                                         ]  14.68MB/75.51MB
 7fb55c4e976b Downloading [=============>                                     ]  14.68MB/55.16MB
 d932d57a546b Downloading [================>                                  ]  19.92MB/60.6MB
 6b1ef42fa3bc Downloading [=========>                                         ]  14.68MB/75.51MB
 c049b4b5b81d Downloading [=====>                                             ]  10.49MB/102.5MB
 d932d57a546b Downloading [================>                                  ]  19.92MB/60.6MB
 7fb55c4e976b Downloading [=============>                                     ]  14.68MB/55.16MB
 6b1ef42fa3bc Downloading [=========>                                         ]  14.68MB/75.51MB
 c049b4b5b81d Downloading [=====>                                             ]  11.53MB/102.5MB
 d932d57a546b Downloading [================>                                  ]  19.92MB/60.6MB
 7fb55c4e976b Downloading [=============>                                     ]  14.68MB/55.16MB
 6b1ef42fa3bc Downloading [=========>                                         ]  14.68MB/75.51MB
 c049b4b5b81d Downloading [=====>                                             ]  11.53MB/102.5MB
 d932d57a546b Downloading [=================>                                 ]  20.97MB/60.6MB
 7fb55c4e976b Downloading [==============>                                    ]  15.73MB/55.16MB
 6b1ef42fa3bc Downloading [==========>                                        ]  15.73MB/75.51MB
 c049b4b5b81d Downloading [=====>                                             ]  11.53MB/102.5MB
 d932d57a546b Downloading [=================>                                 ]  20.97MB/60.6MB
 7fb55c4e976b Downloading [===============>                                   ]  16.78MB/55.16MB
 6b1ef42fa3bc Downloading [==========>                                        ]  15.73MB/75.51MB
 c049b4b5b81d Downloading [======>                                            ]  12.58MB/102.5MB
 d932d57a546b Downloading [=================>                                 ]  20.97MB/60.6MB
 7fb55c4e976b Downloading [===============>                                   ]  16.78MB/55.16MB
 6b1ef42fa3bc Downloading [===========>                                       ]  16.78MB/75.51MB
 c049b4b5b81d Downloading [======>                                            ]  12.58MB/102.5MB
 d932d57a546b Downloading [=================>                                 ]  20.97MB/60.6MB
 7fb55c4e976b Downloading [===============>                                   ]  16.78MB/55.16MB
 6b1ef42fa3bc Downloading [===========>                                       ]  16.78MB/75.51MB
 c049b4b5b81d Downloading [======>                                            ]  12.58MB/102.5MB
 d932d57a546b Downloading [==================>                                ]  22.02MB/60.6MB
 7fb55c4e976b Downloading [===============>                                   ]  16.78MB/55.16MB
 6b1ef42fa3bc Downloading [===========>                                       ]  16.78MB/75.51MB
 c049b4b5b81d Downloading [======>                                            ]  12.58MB/102.5MB
 d932d57a546b Downloading [==================>                                ]  22.02MB/60.6MB
 7fb55c4e976b Downloading [===============>                                   ]  16.78MB/55.16MB
 6b1ef42fa3bc Downloading [===========>                                       ]  17.83MB/75.51MB
 c049b4b5b81d Downloading [======>                                            ]  13.63MB/102.5MB
 d932d57a546b Downloading [==================>                                ]  22.02MB/60.6MB
 7fb55c4e976b Downloading [================>                                  ]  17.83MB/55.16MB
 6b1ef42fa3bc Downloading [===========>                                       ]  17.83MB/75.51MB
 c049b4b5b81d Downloading [======>                                            ]  13.63MB/102.5MB
 7fb55c4e976b Downloading [================>                                  ]  17.83MB/55.16MB
 d932d57a546b Downloading [==================>                                ]  22.02MB/60.6MB
 6b1ef42fa3bc Downloading [===========>                                       ]  17.83MB/75.51MB
 c049b4b5b81d Downloading [======>                                            ]  13.63MB/102.5MB
 7fb55c4e976b Downloading [================>                                  ]  17.83MB/55.16MB
 d932d57a546b Downloading [==================>                                ]  22.02MB/60.6MB
 6b1ef42fa3bc Downloading [===========>                                       ]  17.83MB/75.51MB
 c049b4b5b81d Downloading [======>                                            ]  13.63MB/102.5MB
 d932d57a546b Downloading [===================>                               ]  23.07MB/60.6MB
 7fb55c4e976b Downloading [================>                                  ]  17.83MB/55.16MB
 6b1ef42fa3bc Downloading [===========>                                       ]  17.83MB/75.51MB
 c049b4b5b81d Downloading [======>                                            ]  13.63MB/102.5MB
 7fb55c4e976b Downloading [=================>                                 ]  18.87MB/55.16MB
 d932d57a546b Downloading [===================>                               ]  23.07MB/60.6MB
 6b1ef42fa3bc Downloading [============>                                      ]  18.87MB/75.51MB
 c049b4b5b81d Downloading [======>                                            ]  13.63MB/102.5MB
 d932d57a546b Downloading [===================>                               ]  24.12MB/60.6MB
 7fb55c4e976b Downloading [=================>                                 ]  18.87MB/55.16MB
 6b1ef42fa3bc Downloading [=============>                                     ]  19.92MB/75.51MB
 c049b4b5b81d Downloading [=======>                                           ]  14.68MB/102.5MB
 d932d57a546b Downloading [===================>                               ]  24.12MB/60.6MB
 7fb55c4e976b Downloading [==================>                                ]  19.92MB/55.16MB
 6b1ef42fa3bc Downloading [=============>                                     ]  19.92MB/75.51MB
 c049b4b5b81d Downloading [=======>                                           ]  14.68MB/102.5MB
 7fb55c4e976b Downloading [==================>                                ]  19.92MB/55.16MB
 d932d57a546b Downloading [===================>                               ]  24.12MB/60.6MB
 6b1ef42fa3bc Downloading [=============>                                     ]  19.92MB/75.51MB
 c049b4b5b81d Downloading [=======>                                           ]  14.68MB/102.5MB
 d932d57a546b Downloading [===================>                               ]  24.12MB/60.6MB
 7fb55c4e976b Downloading [==================>                                ]  19.92MB/55.16MB
 6b1ef42fa3bc Downloading [=============>                                     ]  20.97MB/75.51MB
 c049b4b5b81d Downloading [=======>                                           ]  15.73MB/102.5MB
 d932d57a546b Downloading [===================>                               ]  24.12MB/60.6MB
 7fb55c4e976b Downloading [==================>                                ]  19.92MB/55.16MB
 6b1ef42fa3bc Downloading [=============>                                     ]  20.97MB/75.51MB
 c049b4b5b81d Downloading [=======>                                           ]  15.73MB/102.5MB
 d932d57a546b Downloading [====================>                              ]  25.17MB/60.6MB
 7fb55c4e976b Downloading [==================>                                ]  19.92MB/55.16MB
 6b1ef42fa3bc Downloading [=============>                                     ]  20.97MB/75.51MB
 c049b4b5b81d Downloading [=======>                                           ]  15.73MB/102.5MB
 d932d57a546b Downloading [====================>                              ]  25.17MB/60.6MB
 7fb55c4e976b Downloading [==================>                                ]  19.92MB/55.16MB
 6b1ef42fa3bc Downloading [=============>                                     ]  20.97MB/75.51MB
 c049b4b5b81d Downloading [=======>                                           ]  15.73MB/102.5MB
 d932d57a546b Downloading [====================>                              ]  25.17MB/60.6MB
 7fb55c4e976b Downloading [===================>                               ]  20.97MB/55.16MB
 6b1ef42fa3bc Downloading [==============>                                    ]  22.02MB/75.51MB
 c049b4b5b81d Downloading [========>                                          ]  16.78MB/102.5MB
 d932d57a546b Downloading [====================>                              ]  25.17MB/60.6MB
 7fb55c4e976b Downloading [===================>                               ]  20.97MB/55.16MB
 6b1ef42fa3bc Downloading [==============>                                    ]  22.02MB/75.51MB
 c049b4b5b81d Downloading [========>                                          ]  16.78MB/102.5MB
 7fb55c4e976b Downloading [===================>                               ]  22.02MB/55.16MB
 d932d57a546b Downloading [=====================>                             ]  26.21MB/60.6MB
 c049b4b5b81d Downloading [========>                                          ]  16.78MB/102.5MB
 6b1ef42fa3bc Downloading [===============>                                   ]  23.07MB/75.51MB
 7fb55c4e976b Downloading [===================>                               ]  22.02MB/55.16MB
 d932d57a546b Downloading [=====================>                             ]  26.21MB/60.6MB
 6b1ef42fa3bc Downloading [===============>                                   ]  23.07MB/75.51MB
 c049b4b5b81d Downloading [========>                                          ]  16.78MB/102.5MB
 d932d57a546b Downloading [=====================>                             ]  26.21MB/60.6MB
 7fb55c4e976b Downloading [===================>                               ]  22.02MB/55.16MB
 6b1ef42fa3bc Downloading [===============>                                   ]  23.07MB/75.51MB
 c049b4b5b81d Downloading [========>                                          ]  17.83MB/102.5MB
 7fb55c4e976b Downloading [===================>                               ]  22.02MB/55.16MB
 d932d57a546b Downloading [=====================>                             ]  26.21MB/60.6MB
 6b1ef42fa3bc Downloading [===============>                                   ]  24.12MB/75.51MB
 c049b4b5b81d Downloading [========>                                          ]  17.83MB/102.5MB
 7fb55c4e976b Downloading [====================>                              ]  23.07MB/55.16MB
 d932d57a546b Downloading [======================>                            ]  27.26MB/60.6MB
 6b1ef42fa3bc Downloading [===============>                                   ]  24.12MB/75.51MB
 c049b4b5b81d Downloading [========>                                          ]  17.83MB/102.5MB
 d932d57a546b Downloading [======================>                            ]  27.26MB/60.6MB
 7fb55c4e976b Downloading [====================>                              ]  23.07MB/55.16MB
 6b1ef42fa3bc Downloading [===============>                                   ]  24.12MB/75.51MB
 c049b4b5b81d Downloading [========>                                          ]  17.83MB/102.5MB
 d932d57a546b Downloading [======================>                            ]  27.26MB/60.6MB
 7fb55c4e976b Downloading [====================>                              ]  23.07MB/55.16MB
 6b1ef42fa3bc Downloading [================>                                  ]  25.17MB/75.51MB
 c049b4b5b81d Downloading [=========>                                         ]  18.87MB/102.5MB
 d932d57a546b Downloading [======================>                            ]  27.26MB/60.6MB
 7fb55c4e976b Downloading [====================>                              ]  23.07MB/55.16MB
 6b1ef42fa3bc Downloading [================>                                  ]  25.17MB/75.51MB
 c049b4b5b81d Downloading [=========>                                         ]  18.87MB/102.5MB
 d932d57a546b Downloading [======================>                            ]  27.26MB/60.6MB
 7fb55c4e976b Downloading [=====================>                             ]  24.12MB/55.16MB
 6b1ef42fa3bc Downloading [=================>                                 ]  26.21MB/75.51MB
 c049b4b5b81d Downloading [=========>                                         ]  19.92MB/102.5MB
 7fb55c4e976b Downloading [=====================>                             ]  24.12MB/55.16MB
 d932d57a546b Downloading [======================>                            ]  27.26MB/60.6MB
 6b1ef42fa3bc Downloading [=================>                                 ]  26.21MB/75.51MB
 c049b4b5b81d Downloading [=========>                                         ]  19.92MB/102.5MB
 d932d57a546b Downloading [======================>                            ]  27.26MB/60.6MB
 7fb55c4e976b Downloading [======================>                            ]  25.17MB/55.16MB
 c049b4b5b81d Downloading [=========>                                         ]  19.92MB/102.5MB
 6b1ef42fa3bc Downloading [==================>                                ]  27.26MB/75.51MB
 d932d57a546b Downloading [======================>                            ]  27.26MB/60.6MB
 7fb55c4e976b Downloading [======================>                            ]  25.17MB/55.16MB
 6b1ef42fa3bc Downloading [==================>                                ]  27.26MB/75.51MB
 c049b4b5b81d Downloading [==========>                                        ]  20.97MB/102.5MB
 d932d57a546b Downloading [=======================>                           ]  28.31MB/60.6MB
 7fb55c4e976b Downloading [======================>                            ]  25.17MB/55.16MB
 6b1ef42fa3bc Downloading [==================>                                ]  27.26MB/75.51MB
 c049b4b5b81d Downloading [==========>                                        ]  20.97MB/102.5MB
 d932d57a546b Downloading [=======================>                           ]  28.31MB/60.6MB
 7fb55c4e976b Downloading [=======================>                           ]  26.21MB/55.16MB
 6b1ef42fa3bc Downloading [==================>                                ]  28.31MB/75.51MB
 c049b4b5b81d Downloading [==========>                                        ]  20.97MB/102.5MB
 d932d57a546b Downloading [=======================>                           ]  28.31MB/60.6MB
 7fb55c4e976b Downloading [=======================>                           ]  26.21MB/55.16MB
 c049b4b5b81d Downloading [==========>                                        ]  20.97MB/102.5MB
 6b1ef42fa3bc Downloading [==================>                                ]  28.31MB/75.51MB
 d932d57a546b Downloading [=======================>                           ]  28.31MB/60.6MB
 7fb55c4e976b Downloading [=======================>                           ]  26.21MB/55.16MB
 6b1ef42fa3bc Downloading [==================>                                ]  28.31MB/75.51MB
 c049b4b5b81d Downloading [==========>                                        ]  20.97MB/102.5MB
 d932d57a546b Downloading [=======================>                           ]  28.31MB/60.6MB
 7fb55c4e976b Downloading [=======================>                           ]  26.21MB/55.16MB
 6b1ef42fa3bc Downloading [==================>                                ]  28.31MB/75.51MB
 c049b4b5b81d Downloading [==========>                                        ]  22.02MB/102.5MB
 d932d57a546b Downloading [========================>                          ]  29.36MB/60.6MB
 7fb55c4e976b Downloading [=======================>                           ]  26.21MB/55.16MB
 6b1ef42fa3bc Downloading [===================>                               ]  29.36MB/75.51MB
 c049b4b5b81d Downloading [==========>                                        ]  22.02MB/102.5MB
 d932d57a546b Downloading [========================>                          ]  29.36MB/60.6MB
 7fb55c4e976b Downloading [=======================>                           ]  26.21MB/55.16MB
 6b1ef42fa3bc Downloading [===================>                               ]  29.36MB/75.51MB
 c049b4b5b81d Downloading [==========>                                        ]  22.02MB/102.5MB
 d932d57a546b Downloading [========================>                          ]  29.36MB/60.6MB
 7fb55c4e976b Downloading [=======================>                           ]  26.21MB/55.16MB
 6b1ef42fa3bc Downloading [===================>                               ]  29.36MB/75.51MB
 c049b4b5b81d Downloading [==========>                                        ]  22.02MB/102.5MB
 d932d57a546b Downloading [========================>                          ]  29.36MB/60.6MB
 7fb55c4e976b Downloading [========================>                          ]  27.26MB/55.16MB
 6b1ef42fa3bc Downloading [===================>                               ]  29.36MB/75.51MB
 c049b4b5b81d Downloading [===========>                                       ]  23.07MB/102.5MB
 d932d57a546b Downloading [=========================>                         ]  30.41MB/60.6MB
 7fb55c4e976b Downloading [========================>                          ]  27.26MB/55.16MB
 6b1ef42fa3bc Downloading [====================>                              ]  30.41MB/75.51MB
 c049b4b5b81d Downloading [===========>                                       ]  23.07MB/102.5MB
 d932d57a546b Downloading [=========================>                         ]  30.41MB/60.6MB
 7fb55c4e976b Downloading [========================>                          ]  27.26MB/55.16MB
 6b1ef42fa3bc Downloading [====================>                              ]  30.41MB/75.51MB
 c049b4b5b81d Downloading [===========>                                       ]  23.07MB/102.5MB
 d932d57a546b Downloading [=========================>                         ]  30.41MB/60.6MB
 7fb55c4e976b Downloading [========================>                          ]  27.26MB/55.16MB
 c049b4b5b81d Downloading [===========>                                       ]  24.12MB/102.5MB
 6b1ef42fa3bc Downloading [====================>                              ]  30.41MB/75.51MB
 d932d57a546b Downloading [=========================>                         ]  30.41MB/60.6MB
 7fb55c4e976b Downloading [=========================>                         ]  28.31MB/55.16MB
 6b1ef42fa3bc Downloading [====================>                              ]  31.46MB/75.51MB
 c049b4b5b81d Downloading [===========>                                       ]  24.12MB/102.5MB
 d932d57a546b Downloading [=========================>                         ]  31.46MB/60.6MB
 7fb55c4e976b Downloading [=========================>                         ]  28.31MB/55.16MB
 6b1ef42fa3bc Downloading [====================>                              ]  31.46MB/75.51MB
 c049b4b5b81d Downloading [===========>                                       ]  24.12MB/102.5MB
 d932d57a546b Downloading [=========================>                         ]  31.46MB/60.6MB
 7fb55c4e976b Downloading [=========================>                         ]  28.31MB/55.16MB
 6b1ef42fa3bc Downloading [====================>                              ]  31.46MB/75.51MB
 c049b4b5b81d Downloading [===========>                                       ]  24.12MB/102.5MB
 7fb55c4e976b Downloading [=========================>                         ]  28.31MB/55.16MB
 d932d57a546b Downloading [=========================>                         ]  31.46MB/60.6MB
 6b1ef42fa3bc Downloading [=====================>                             ]  32.51MB/75.51MB
 c049b4b5b81d Downloading [============>                                      ]  25.17MB/102.5MB
 d932d57a546b Downloading [=========================>                         ]  31.46MB/60.6MB
 7fb55c4e976b Downloading [==========================>                        ]  29.36MB/55.16MB
 6b1ef42fa3bc Downloading [=====================>                             ]  32.51MB/75.51MB
 c049b4b5b81d Downloading [============>                                      ]  25.17MB/102.5MB
 d932d57a546b Downloading [==========================>                        ]  32.51MB/60.6MB
 7fb55c4e976b Downloading [==========================>                        ]  29.36MB/55.16MB
 6b1ef42fa3bc Downloading [=====================>                             ]  32.51MB/75.51MB
 c049b4b5b81d Downloading [============>                                      ]  25.17MB/102.5MB
 d932d57a546b Downloading [==========================>                        ]  32.51MB/60.6MB
 7fb55c4e976b Downloading [==========================>                        ]  29.36MB/55.16MB
 6b1ef42fa3bc Downloading [======================>                            ]  33.55MB/75.51MB
 c049b4b5b81d Downloading [============>                                      ]  25.17MB/102.5MB
 7fb55c4e976b Downloading [==========================>                        ]  29.36MB/55.16MB
 d932d57a546b Downloading [==========================>                        ]  32.51MB/60.6MB
 6b1ef42fa3bc Downloading [======================>                            ]  33.55MB/75.51MB
 c049b4b5b81d Downloading [============>                                      ]  26.21MB/102.5MB
 d932d57a546b Downloading [===========================>                       ]  33.55MB/60.6MB
 7fb55c4e976b Downloading [===========================>                       ]  30.41MB/55.16MB
 6b1ef42fa3bc Downloading [======================>                            ]  33.55MB/75.51MB
 c049b4b5b81d Downloading [============>                                      ]  26.21MB/102.5MB
 d932d57a546b Downloading [===========================>                       ]  33.55MB/60.6MB
 7fb55c4e976b Downloading [===========================>                       ]  30.41MB/55.16MB
 6b1ef42fa3bc Downloading [======================>                            ]   34.6MB/75.51MB
 c049b4b5b81d Downloading [============>                                      ]  26.21MB/102.5MB
 7fb55c4e976b Downloading [===========================>                       ]  30.41MB/55.16MB
 d932d57a546b Downloading [===========================>                       ]  33.55MB/60.6MB
 6b1ef42fa3bc Downloading [======================>                            ]   34.6MB/75.51MB
 c049b4b5b81d Downloading [============>                                      ]  26.21MB/102.5MB
 d932d57a546b Downloading [============================>                      ]   34.6MB/60.6MB
 7fb55c4e976b Downloading [===========================>                       ]  30.41MB/55.16MB
 6b1ef42fa3bc Downloading [======================>                            ]   34.6MB/75.51MB
 c049b4b5b81d Downloading [=============>                                     ]  27.26MB/102.5MB
 d932d57a546b Downloading [============================>                      ]   34.6MB/60.6MB
 7fb55c4e976b Downloading [============================>                      ]  31.46MB/55.16MB
 6b1ef42fa3bc Downloading [======================>                            ]   34.6MB/75.51MB
 c049b4b5b81d Downloading [=============>                                     ]  27.26MB/102.5MB
 d932d57a546b Downloading [============================>                      ]   34.6MB/60.6MB
 7fb55c4e976b Downloading [============================>                      ]  31.46MB/55.16MB
 6b1ef42fa3bc Downloading [=======================>                           ]  35.65MB/75.51MB
 c049b4b5b81d Downloading [=============>                                     ]  27.26MB/102.5MB
 d932d57a546b Downloading [============================>                      ]   34.6MB/60.6MB
 7fb55c4e976b Downloading [============================>                      ]  31.46MB/55.16MB
 6b1ef42fa3bc Downloading [=======================>                           ]  35.65MB/75.51MB
 c049b4b5b81d Downloading [=============>                                     ]  27.26MB/102.5MB
 7fb55c4e976b Downloading [============================>                      ]  31.46MB/55.16MB
 d932d57a546b Downloading [=============================>                     ]  35.65MB/60.6MB
 6b1ef42fa3bc Downloading [=======================>                           ]  35.65MB/75.51MB
 c049b4b5b81d Downloading [=============>                                     ]  28.31MB/102.5MB
 d932d57a546b Downloading [=============================>                     ]  35.65MB/60.6MB
 7fb55c4e976b Downloading [============================>                      ]  31.46MB/55.16MB
 6b1ef42fa3bc Downloading [========================>                          ]   36.7MB/75.51MB
 c049b4b5b81d Downloading [=============>                                     ]  28.31MB/102.5MB
 d932d57a546b Downloading [=============================>                     ]  35.65MB/60.6MB
 7fb55c4e976b Downloading [=============================>                     ]  32.51MB/55.16MB
 6b1ef42fa3bc Downloading [========================>                          ]   36.7MB/75.51MB
 c049b4b5b81d Downloading [=============>                                     ]  28.31MB/102.5MB
 d932d57a546b Downloading [==============================>                    ]   36.7MB/60.6MB
 7fb55c4e976b Downloading [=============================>                     ]  32.51MB/55.16MB
 6b1ef42fa3bc Downloading [========================>                          ]   36.7MB/75.51MB
 c049b4b5b81d Downloading [=============>                                     ]  28.31MB/102.5MB
 d932d57a546b Downloading [==============================>                    ]   36.7MB/60.6MB
 7fb55c4e976b Downloading [=============================>                     ]  32.51MB/55.16MB
 c049b4b5b81d Downloading [==============>                                    ]  29.36MB/102.5MB
 6b1ef42fa3bc Downloading [========================>                          ]  37.75MB/75.51MB
 d932d57a546b Downloading [==============================>                    ]   36.7MB/60.6MB
 7fb55c4e976b Downloading [=============================>                     ]  32.51MB/55.16MB
 6b1ef42fa3bc Downloading [========================>                          ]  37.75MB/75.51MB
 c049b4b5b81d Downloading [==============>                                    ]  29.36MB/102.5MB
 d932d57a546b Downloading [===============================>                   ]  37.75MB/60.6MB
 7fb55c4e976b Downloading [==============================>                    ]  33.55MB/55.16MB
 6b1ef42fa3bc Downloading [========================>                          ]  37.75MB/75.51MB
 c049b4b5b81d Downloading [==============>                                    ]  29.36MB/102.5MB
 d932d57a546b Downloading [===============================>                   ]  37.75MB/60.6MB
 7fb55c4e976b Downloading [==============================>                    ]  33.55MB/55.16MB
 6b1ef42fa3bc Downloading [========================>                          ]  37.75MB/75.51MB
 c049b4b5b81d Downloading [==============>                                    ]  29.36MB/102.5MB
 7fb55c4e976b Downloading [==============================>                    ]  33.55MB/55.16MB
 d932d57a546b Downloading [===============================>                   ]  37.75MB/60.6MB
 6b1ef42fa3bc Downloading [=========================>                         ]   38.8MB/75.51MB
 c049b4b5b81d Downloading [==============>                                    ]  30.41MB/102.5MB
 d932d57a546b Downloading [================================>                  ]   38.8MB/60.6MB
 7fb55c4e976b Downloading [==============================>                    ]  33.55MB/55.16MB
 6b1ef42fa3bc Downloading [=========================>                         ]   38.8MB/75.51MB
 c049b4b5b81d Downloading [==============>                                    ]  30.41MB/102.5MB
 d932d57a546b Downloading [================================>                  ]   38.8MB/60.6MB
 7fb55c4e976b Downloading [===============================>                   ]   34.6MB/55.16MB
 6b1ef42fa3bc Downloading [=========================>                         ]   38.8MB/75.51MB
 c049b4b5b81d Downloading [==============>                                    ]  30.41MB/102.5MB
 d932d57a546b Downloading [================================>                  ]   38.8MB/60.6MB
 7fb55c4e976b Downloading [===============================>                   ]   34.6MB/55.16MB
 6b1ef42fa3bc Downloading [==========================>                        ]  39.85MB/75.51MB
 c049b4b5b81d Downloading [==============>                                    ]  30.41MB/102.5MB
 7fb55c4e976b Downloading [===============================>                   ]   34.6MB/55.16MB
 d932d57a546b Downloading [================================>                  ]  39.85MB/60.6MB
 c049b4b5b81d Downloading [===============>                                   ]  31.46MB/102.5MB
 6b1ef42fa3bc Downloading [==========================>                        ]  39.85MB/75.51MB
 d932d57a546b Downloading [================================>                  ]  39.85MB/60.6MB
 7fb55c4e976b Downloading [===============================>                   ]   34.6MB/55.16MB
 6b1ef42fa3bc Downloading [==========================>                        ]  39.85MB/75.51MB
 c049b4b5b81d Downloading [===============>                                   ]  31.46MB/102.5MB
 7fb55c4e976b Downloading [===============================>                   ]   34.6MB/55.16MB
 d932d57a546b Downloading [================================>                  ]  39.85MB/60.6MB
 6b1ef42fa3bc Downloading [===========================>                       ]  40.89MB/75.51MB
 c049b4b5b81d Downloading [===============>                                   ]  31.46MB/102.5MB
 d932d57a546b Downloading [=================================>                 ]  40.89MB/60.6MB
 7fb55c4e976b Downloading [================================>                  ]  35.65MB/55.16MB
 c049b4b5b81d Downloading [===============>                                   ]  31.46MB/102.5MB
 6b1ef42fa3bc Downloading [===========================>                       ]  40.89MB/75.51MB
 d932d57a546b Downloading [=================================>                 ]  40.89MB/60.6MB
 7fb55c4e976b Downloading [================================>                  ]  35.65MB/55.16MB
 6b1ef42fa3bc Downloading [===========================>                       ]  40.89MB/75.51MB
 c049b4b5b81d Downloading [===============>                                   ]  32.51MB/102.5MB
 d932d57a546b Downloading [=================================>                 ]  40.89MB/60.6MB
 7fb55c4e976b Downloading [================================>                  ]  35.65MB/55.16MB
 6b1ef42fa3bc Downloading [===========================>                       ]  40.89MB/75.51MB
 c049b4b5b81d Downloading [===============>                                   ]  32.51MB/102.5MB
 d932d57a546b Downloading [=================================>                 ]  40.89MB/60.6MB
 7fb55c4e976b Downloading [=================================>                 ]   36.7MB/55.16MB
 6b1ef42fa3bc Downloading [===========================>                       ]  41.94MB/75.51MB
 c049b4b5b81d Downloading [===============>                                   ]  32.51MB/102.5MB
 7fb55c4e976b Downloading [=================================>                 ]   36.7MB/55.16MB
 d932d57a546b Downloading [==================================>                ]  41.94MB/60.6MB
 6b1ef42fa3bc Downloading [===========================>                       ]  41.94MB/75.51MB
 c049b4b5b81d Downloading [===============>                                   ]  32.51MB/102.5MB
 d932d57a546b Downloading [==================================>                ]  41.94MB/60.6MB
 7fb55c4e976b Downloading [=================================>                 ]   36.7MB/55.16MB
 6b1ef42fa3bc Downloading [===========================>                       ]  41.94MB/75.51MB
 c049b4b5b81d Downloading [================>                                  ]  33.55MB/102.5MB
 7fb55c4e976b Downloading [=================================>                 ]   36.7MB/55.16MB
 d932d57a546b Downloading [==================================>                ]  41.94MB/60.6MB
 6b1ef42fa3bc Downloading [============================>                      ]  42.99MB/75.51MB
 c049b4b5b81d Downloading [================>                                  ]  33.55MB/102.5MB
 d932d57a546b Downloading [===================================>               ]  42.99MB/60.6MB
 7fb55c4e976b Downloading [==================================>                ]  37.75MB/55.16MB
 6b1ef42fa3bc Downloading [============================>                      ]  42.99MB/75.51MB
 c049b4b5b81d Downloading [================>                                  ]  33.55MB/102.5MB
 d932d57a546b Downloading [===================================>               ]  42.99MB/60.6MB
 7fb55c4e976b Downloading [==================================>                ]  37.75MB/55.16MB
 6b1ef42fa3bc Downloading [============================>                      ]  42.99MB/75.51MB
 c049b4b5b81d Downloading [================>                                  ]  33.55MB/102.5MB
 d932d57a546b Downloading [===================================>               ]  42.99MB/60.6MB
 7fb55c4e976b Downloading [==================================>                ]  37.75MB/55.16MB
 6b1ef42fa3bc Downloading [=============================>                     ]  44.04MB/75.51MB
 c049b4b5b81d Downloading [================>                                  ]   34.6MB/102.5MB
 d932d57a546b Downloading [====================================>              ]  44.04MB/60.6MB
 7fb55c4e976b Downloading [==================================>                ]  37.75MB/55.16MB
 6b1ef42fa3bc Downloading [=============================>                     ]  44.04MB/75.51MB
 c049b4b5b81d Downloading [================>                                  ]   34.6MB/102.5MB
 7fb55c4e976b Downloading [==================================>                ]  37.75MB/55.16MB
 d932d57a546b Downloading [====================================>              ]  44.04MB/60.6MB
 6b1ef42fa3bc Downloading [=============================>                     ]  44.04MB/75.51MB
 c049b4b5b81d Downloading [================>                                  ]   34.6MB/102.5MB
 d932d57a546b Downloading [====================================>              ]  44.04MB/60.6MB
 7fb55c4e976b Downloading [===================================>               ]   38.8MB/55.16MB
 6b1ef42fa3bc Downloading [=============================>                     ]  44.04MB/75.51MB
 c049b4b5b81d Downloading [================>                                  ]   34.6MB/102.5MB
 d932d57a546b Downloading [=====================================>             ]  45.09MB/60.6MB
 7fb55c4e976b Downloading [===================================>               ]   38.8MB/55.16MB
 6b1ef42fa3bc Downloading [=============================>                     ]  45.09MB/75.51MB
 c049b4b5b81d Downloading [=================>                                 ]  35.65MB/102.5MB
 d932d57a546b Downloading [=====================================>             ]  45.09MB/60.6MB
 7fb55c4e976b Downloading [===================================>               ]   38.8MB/55.16MB
 6b1ef42fa3bc Downloading [=============================>                     ]  45.09MB/75.51MB
 c049b4b5b81d Downloading [=================>                                 ]  35.65MB/102.5MB
 d932d57a546b Downloading [=====================================>             ]  45.09MB/60.6MB
 7fb55c4e976b Downloading [===================================>               ]   38.8MB/55.16MB
 6b1ef42fa3bc Downloading [=============================>                     ]  45.09MB/75.51MB
 c049b4b5b81d Downloading [=================>                                 ]  35.65MB/102.5MB
 d932d57a546b Downloading [======================================>            ]  46.14MB/60.6MB
 7fb55c4e976b Downloading [====================================>              ]  39.85MB/55.16MB
 6b1ef42fa3bc Downloading [==============================>                    ]  46.14MB/75.51MB
 c049b4b5b81d Downloading [=================>                                 ]  35.65MB/102.5MB
 7fb55c4e976b Downloading [====================================>              ]  39.85MB/55.16MB
 d932d57a546b Downloading [======================================>            ]  46.14MB/60.6MB
 6b1ef42fa3bc Downloading [==============================>                    ]  46.14MB/75.51MB
 c049b4b5b81d Downloading [=================>                                 ]  35.65MB/102.5MB
 d932d57a546b Downloading [======================================>            ]  46.14MB/60.6MB
 7fb55c4e976b Downloading [====================================>              ]  39.85MB/55.16MB
 6b1ef42fa3bc Downloading [==============================>                    ]  46.14MB/75.51MB
 c049b4b5b81d Downloading [=================>                                 ]   36.7MB/102.5MB
 d932d57a546b Downloading [======================================>            ]  47.19MB/60.6MB
 7fb55c4e976b Downloading [====================================>              ]  39.85MB/55.16MB
 6b1ef42fa3bc Downloading [===============================>                   ]  47.19MB/75.51MB
 c049b4b5b81d Downloading [=================>                                 ]   36.7MB/102.5MB
 d932d57a546b Downloading [======================================>            ]  47.19MB/60.6MB
 7fb55c4e976b Downloading [=====================================>             ]  40.89MB/55.16MB
 6b1ef42fa3bc Downloading [===============================>                   ]  47.19MB/75.51MB
 c049b4b5b81d Downloading [=================>                                 ]   36.7MB/102.5MB
 d932d57a546b Downloading [======================================>            ]  47.19MB/60.6MB
 7fb55c4e976b Downloading [=====================================>             ]  40.89MB/55.16MB
 6b1ef42fa3bc Downloading [===============================>                   ]  47.19MB/75.51MB
 c049b4b5b81d Downloading [=================>                                 ]   36.7MB/102.5MB
 d932d57a546b Downloading [=======================================>           ]  48.23MB/60.6MB
 7fb55c4e976b Downloading [=====================================>             ]  40.89MB/55.16MB
 6b1ef42fa3bc Downloading [===============================>                   ]  48.23MB/75.51MB
 c049b4b5b81d Downloading [==================>                                ]  37.75MB/102.5MB
 d932d57a546b Downloading [=======================================>           ]  48.23MB/60.6MB
 7fb55c4e976b Downloading [=====================================>             ]  40.89MB/55.16MB
 6b1ef42fa3bc Downloading [===============================>                   ]  48.23MB/75.51MB
 c049b4b5b81d Downloading [==================>                                ]  37.75MB/102.5MB
 d932d57a546b Downloading [=======================================>           ]  48.23MB/60.6MB
 7fb55c4e976b Downloading [=====================================>             ]  40.89MB/55.16MB
 6b1ef42fa3bc Downloading [===============================>                   ]  48.23MB/75.51MB
 c049b4b5b81d Downloading [==================>                                ]  37.75MB/102.5MB
 7fb55c4e976b Downloading [======================================>            ]  41.94MB/55.16MB
 d932d57a546b Downloading [=======================================>           ]  48.23MB/60.6MB
 6b1ef42fa3bc Downloading [================================>                  ]  49.28MB/75.51MB
 c049b4b5b81d Downloading [==================>                                ]  37.75MB/102.5MB
 7fb55c4e976b Downloading [======================================>            ]  41.94MB/55.16MB
 d932d57a546b Downloading [========================================>          ]  49.28MB/60.6MB
 6b1ef42fa3bc Downloading [================================>                  ]  49.28MB/75.51MB
 c049b4b5b81d Downloading [==================>                                ]   38.8MB/102.5MB
 d932d57a546b Downloading [========================================>          ]  49.28MB/60.6MB
 7fb55c4e976b Downloading [======================================>            ]  41.94MB/55.16MB
 6b1ef42fa3bc Downloading [================================>                  ]  49.28MB/75.51MB
 c049b4b5b81d Downloading [==================>                                ]   38.8MB/102.5MB
 d932d57a546b Downloading [========================================>          ]  49.28MB/60.6MB
 7fb55c4e976b Downloading [======================================>            ]  41.94MB/55.16MB
 6b1ef42fa3bc Downloading [================================>                  ]  49.28MB/75.51MB
 c049b4b5b81d Downloading [==================>                                ]   38.8MB/102.5MB
 d932d57a546b Downloading [=========================================>         ]  50.33MB/60.6MB
 7fb55c4e976b Downloading [======================================>            ]  42.99MB/55.16MB
 6b1ef42fa3bc Downloading [=================================>                 ]  50.33MB/75.51MB
 c049b4b5b81d Downloading [==================>                                ]   38.8MB/102.5MB
 d932d57a546b Downloading [=========================================>         ]  50.33MB/60.6MB
 7fb55c4e976b Downloading [======================================>            ]  42.99MB/55.16MB
 6b1ef42fa3bc Downloading [=================================>                 ]  50.33MB/75.51MB
 c049b4b5b81d Downloading [===================>                               ]  39.85MB/102.5MB
 d932d57a546b Downloading [=========================================>         ]  50.33MB/60.6MB
 7fb55c4e976b Downloading [======================================>            ]  42.99MB/55.16MB
 6b1ef42fa3bc Downloading [=================================>                 ]  50.33MB/75.51MB
 c049b4b5b81d Downloading [===================>                               ]  39.85MB/102.5MB
 d932d57a546b Downloading [==========================================>        ]  51.38MB/60.6MB
 7fb55c4e976b Downloading [======================================>            ]  42.99MB/55.16MB
 6b1ef42fa3bc Downloading [==================================>                ]  51.38MB/75.51MB
 c049b4b5b81d Downloading [===================>                               ]  39.85MB/102.5MB
 d932d57a546b Downloading [==========================================>        ]  51.38MB/60.6MB
 7fb55c4e976b Downloading [======================================>            ]  42.99MB/55.16MB
 6b1ef42fa3bc Downloading [==================================>                ]  51.38MB/75.51MB
 c049b4b5b81d Downloading [===================>                               ]  39.85MB/102.5MB
 d932d57a546b Downloading [==========================================>        ]  51.38MB/60.6MB
 7fb55c4e976b Downloading [=======================================>           ]  44.04MB/55.16MB
 6b1ef42fa3bc Downloading [==================================>                ]  51.38MB/75.51MB
 c049b4b5b81d Downloading [===================>                               ]  40.89MB/102.5MB
 d932d57a546b Downloading [===========================================>       ]  52.43MB/60.6MB
 7fb55c4e976b Downloading [=======================================>           ]  44.04MB/55.16MB
 6b1ef42fa3bc Downloading [==================================>                ]  52.43MB/75.51MB
 c049b4b5b81d Downloading [===================>                               ]  40.89MB/102.5MB
 d932d57a546b Downloading [===========================================>       ]  52.43MB/60.6MB
 7fb55c4e976b Downloading [=======================================>           ]  44.04MB/55.16MB
 6b1ef42fa3bc Downloading [==================================>                ]  52.43MB/75.51MB
 c049b4b5b81d Downloading [===================>                               ]  40.89MB/102.5MB
 d932d57a546b Downloading [===========================================>       ]  52.43MB/60.6MB
 7fb55c4e976b Downloading [=======================================>           ]  44.04MB/55.16MB
 6b1ef42fa3bc Downloading [==================================>                ]  52.43MB/75.51MB
 c049b4b5b81d Downloading [===================>                               ]  40.89MB/102.5MB
 7fb55c4e976b Downloading [========================================>          ]  45.09MB/55.16MB
 d932d57a546b Downloading [============================================>      ]  53.48MB/60.6MB
 6b1ef42fa3bc Downloading [===================================>               ]  53.48MB/75.51MB
 c049b4b5b81d Downloading [====================>                              ]  41.94MB/102.5MB
 d932d57a546b Downloading [============================================>      ]  53.48MB/60.6MB
 7fb55c4e976b Downloading [========================================>          ]  45.09MB/55.16MB
 6b1ef42fa3bc Downloading [===================================>               ]  53.48MB/75.51MB
 c049b4b5b81d Downloading [====================>                              ]  41.94MB/102.5MB
 d932d57a546b Downloading [============================================>      ]  53.48MB/60.6MB
 7fb55c4e976b Downloading [========================================>          ]  45.09MB/55.16MB
 6b1ef42fa3bc Downloading [===================================>               ]  53.48MB/75.51MB
 c049b4b5b81d Downloading [====================>                              ]  41.94MB/102.5MB
 d932d57a546b Downloading [============================================>      ]  53.48MB/60.6MB
 7fb55c4e976b Downloading [========================================>          ]  45.09MB/55.16MB
 6b1ef42fa3bc Downloading [====================================>              ]  54.53MB/75.51MB
 c049b4b5b81d Downloading [====================>                              ]  41.94MB/102.5MB
 d932d57a546b Downloading [============================================>      ]  54.53MB/60.6MB
 7fb55c4e976b Downloading [========================================>          ]  45.09MB/55.16MB
 6b1ef42fa3bc Downloading [====================================>              ]  54.53MB/75.51MB
 c049b4b5b81d Downloading [====================>                              ]  42.99MB/102.5MB
 d932d57a546b Downloading [============================================>      ]  54.53MB/60.6MB
 7fb55c4e976b Downloading [=========================================>         ]  46.14MB/55.16MB
 6b1ef42fa3bc Downloading [====================================>              ]  54.53MB/75.51MB
 c049b4b5b81d Downloading [====================>                              ]  42.99MB/102.5MB
 d932d57a546b Downloading [============================================>      ]  54.53MB/60.6MB
 7fb55c4e976b Downloading [=========================================>         ]  46.14MB/55.16MB
 6b1ef42fa3bc Downloading [====================================>              ]  55.57MB/75.51MB
 c049b4b5b81d Downloading [====================>                              ]  42.99MB/102.5MB
 d932d57a546b Downloading [=============================================>     ]  55.57MB/60.6MB
 7fb55c4e976b Downloading [=========================================>         ]  46.14MB/55.16MB
 6b1ef42fa3bc Downloading [====================================>              ]  55.57MB/75.51MB
 c049b4b5b81d Downloading [====================>                              ]  42.99MB/102.5MB
 d932d57a546b Downloading [=============================================>     ]  55.57MB/60.6MB
 7fb55c4e976b Downloading [=========================================>         ]  46.14MB/55.16MB
 6b1ef42fa3bc Downloading [====================================>              ]  55.57MB/75.51MB
 c049b4b5b81d Downloading [=====================>                             ]  44.04MB/102.5MB
 d932d57a546b Downloading [=============================================>     ]  55.57MB/60.6MB
 7fb55c4e976b Downloading [=========================================>         ]  46.14MB/55.16MB
 6b1ef42fa3bc Downloading [=====================================>             ]  56.62MB/75.51MB
 c049b4b5b81d Downloading [=====================>                             ]  44.04MB/102.5MB
 d932d57a546b Downloading [==============================================>    ]  56.62MB/60.6MB
 7fb55c4e976b Downloading [==========================================>        ]  47.19MB/55.16MB
 6b1ef42fa3bc Downloading [=====================================>             ]  56.62MB/75.51MB
 c049b4b5b81d Downloading [=====================>                             ]  44.04MB/102.5MB
 d932d57a546b Downloading [==============================================>    ]  56.62MB/60.6MB
 7fb55c4e976b Downloading [==========================================>        ]  47.19MB/55.16MB
 6b1ef42fa3bc Downloading [=====================================>             ]  56.62MB/75.51MB
 c049b4b5b81d Downloading [=====================>                             ]  44.04MB/102.5MB
 7fb55c4e976b Downloading [==========================================>        ]  47.19MB/55.16MB
 d932d57a546b Downloading [==============================================>    ]  56.62MB/60.6MB
 6b1ef42fa3bc Downloading [======================================>            ]  57.67MB/75.51MB
 c049b4b5b81d Downloading [======================>                            ]  45.09MB/102.5MB
 d932d57a546b Downloading [===============================================>   ]  57.67MB/60.6MB
 7fb55c4e976b Downloading [==========================================>        ]  47.19MB/55.16MB
 6b1ef42fa3bc Downloading [======================================>            ]  57.67MB/75.51MB
 c049b4b5b81d Downloading [======================>                            ]  45.09MB/102.5MB
 d932d57a546b Downloading [===============================================>   ]  57.67MB/60.6MB
 7fb55c4e976b Downloading [==========================================>        ]  47.19MB/55.16MB
 6b1ef42fa3bc Downloading [======================================>            ]  57.67MB/75.51MB
 c049b4b5b81d Downloading [======================>                            ]  45.09MB/102.5MB
 d932d57a546b Downloading [===============================================>   ]  57.67MB/60.6MB
 7fb55c4e976b Downloading [===========================================>       ]  48.23MB/55.16MB
 6b1ef42fa3bc Downloading [======================================>            ]  58.72MB/75.51MB
 c049b4b5b81d Downloading [======================>                            ]  45.09MB/102.5MB
 d932d57a546b Downloading [================================================>  ]  58.72MB/60.6MB
 7fb55c4e976b Downloading [===========================================>       ]  48.23MB/55.16MB
 6b1ef42fa3bc Downloading [======================================>            ]  58.72MB/75.51MB
 c049b4b5b81d Downloading [======================>                            ]  46.14MB/102.5MB
 d932d57a546b Downloading [================================================>  ]  58.72MB/60.6MB
 7fb55c4e976b Downloading [===========================================>       ]  48.23MB/55.16MB
 6b1ef42fa3bc Downloading [======================================>            ]  58.72MB/75.51MB
 c049b4b5b81d Downloading [======================>                            ]  46.14MB/102.5MB
 d932d57a546b Downloading [================================================>  ]  58.72MB/60.6MB
 7fb55c4e976b Downloading [===========================================>       ]  48.23MB/55.16MB
 6b1ef42fa3bc Downloading [=======================================>           ]  59.77MB/75.51MB
 c049b4b5b81d Downloading [======================>                            ]  46.14MB/102.5MB
 d932d57a546b Downloading [=================================================> ]  59.77MB/60.6MB
 7fb55c4e976b Downloading [============================================>      ]  49.28MB/55.16MB
 6b1ef42fa3bc Downloading [=======================================>           ]  59.77MB/75.51MB
 c049b4b5b81d Downloading [======================>                            ]  46.14MB/102.5MB
 d932d57a546b Downloading [=================================================> ]  59.77MB/60.6MB
 7fb55c4e976b Downloading [============================================>      ]  49.28MB/55.16MB
 6b1ef42fa3bc Downloading [=======================================>           ]  59.77MB/75.51MB
 c049b4b5b81d Downloading [======================>                            ]  46.14MB/102.5MB
 d932d57a546b Downloading [=================================================> ]  59.77MB/60.6MB
 7fb55c4e976b Downloading [============================================>      ]  49.28MB/55.16MB
 6b1ef42fa3bc Downloading [========================================>          ]  60.82MB/75.51MB
 c049b4b5b81d Downloading [=======================>                           ]  47.19MB/102.5MB
 d932d57a546b Download complete 
 7fb55c4e976b Downloading [============================================>      ]  49.28MB/55.16MB
 d932d57a546b Extracting 1 s
 6b1ef42fa3bc Downloading [========================================>          ]  60.82MB/75.51MB
 c049b4b5b81d Downloading [=======================>                           ]  47.19MB/102.5MB
 7fb55c4e976b Downloading [============================================>      ]  49.28MB/55.16MB
 d932d57a546b Extracting 1 s
 6b1ef42fa3bc Downloading [========================================>          ]  60.82MB/75.51MB
 c049b4b5b81d Downloading [=======================>                           ]  47.19MB/102.5MB
 7fb55c4e976b Downloading [=============================================>     ]  50.33MB/55.16MB
 d932d57a546b Extracting 1 s
 6b1ef42fa3bc Downloading [========================================>          ]  61.87MB/75.51MB
 c049b4b5b81d Downloading [=======================>                           ]  48.23MB/102.5MB
 7fb55c4e976b Downloading [=============================================>     ]  50.33MB/55.16MB
 d932d57a546b Pull complete 
 6b1ef42fa3bc Downloading [========================================>          ]  61.87MB/75.51MB
 c049b4b5b81d Downloading [=======================>                           ]  48.23MB/102.5MB
 7fb55c4e976b Downloading [=============================================>     ]  50.33MB/55.16MB
 6b1ef42fa3bc Downloading [=========================================>         ]  62.91MB/75.51MB
 c049b4b5b81d Downloading [=======================>                           ]  48.23MB/102.5MB
 7fb55c4e976b Downloading [=============================================>     ]  50.33MB/55.16MB
 6b1ef42fa3bc Downloading [=========================================>         ]  62.91MB/75.51MB
 c049b4b5b81d Downloading [========================>                          ]  49.28MB/102.5MB
 7fb55c4e976b Downloading [==============================================>    ]  51.38MB/55.16MB
 c049b4b5b81d Downloading [========================>                          ]  49.28MB/102.5MB
 6b1ef42fa3bc Downloading [==========================================>        ]  63.96MB/75.51MB
 7fb55c4e976b Downloading [==============================================>    ]  51.38MB/55.16MB
 6b1ef42fa3bc Downloading [==========================================>        ]  63.96MB/75.51MB
 c049b4b5b81d Downloading [========================>                          ]  49.28MB/102.5MB
 7fb55c4e976b Downloading [==============================================>    ]  51.38MB/55.16MB
 6b1ef42fa3bc Downloading [===========================================>       ]  65.01MB/75.51MB
 c049b4b5b81d Downloading [========================>                          ]  50.33MB/102.5MB
 7fb55c4e976b Downloading [===============================================>   ]  52.43MB/55.16MB
 6b1ef42fa3bc Downloading [===========================================>       ]  65.01MB/75.51MB
 c049b4b5b81d Downloading [========================>                          ]  50.33MB/102.5MB
 7fb55c4e976b Downloading [===============================================>   ]  52.43MB/55.16MB
 6b1ef42fa3bc Downloading [===========================================>       ]  66.06MB/75.51MB
 c049b4b5b81d Downloading [========================>                          ]  50.33MB/102.5MB
 7fb55c4e976b Downloading [===============================================>   ]  52.43MB/55.16MB
 6b1ef42fa3bc Downloading [===========================================>       ]  66.06MB/75.51MB
 c049b4b5b81d Downloading [=========================>                         ]  51.38MB/102.5MB
 7fb55c4e976b Downloading [===============================================>   ]  52.43MB/55.16MB
 6b1ef42fa3bc Downloading [============================================>      ]  67.11MB/75.51MB
 c049b4b5b81d Downloading [=========================>                         ]  51.38MB/102.5MB
 7fb55c4e976b Downloading [================================================>  ]  53.48MB/55.16MB
 6b1ef42fa3bc Downloading [============================================>      ]  67.11MB/75.51MB
 c049b4b5b81d Downloading [=========================>                         ]  51.38MB/102.5MB
 7fb55c4e976b Downloading [================================================>  ]  53.48MB/55.16MB
 6b1ef42fa3bc Downloading [=============================================>     ]  68.16MB/75.51MB
 c049b4b5b81d Downloading [=========================>                         ]  52.43MB/102.5MB
 7fb55c4e976b Downloading [================================================>  ]  53.48MB/55.16MB
 6b1ef42fa3bc Downloading [=============================================>     ]  68.16MB/75.51MB
 c049b4b5b81d Downloading [=========================>                         ]  52.43MB/102.5MB
 7fb55c4e976b Downloading [=================================================> ]  54.53MB/55.16MB
 6b1ef42fa3bc Downloading [=============================================>     ]  68.16MB/75.51MB
 c049b4b5b81d Downloading [=========================>                         ]  52.43MB/102.5MB
 7fb55c4e976b Downloading [=================================================> ]  54.53MB/55.16MB
 6b1ef42fa3bc Downloading [=============================================>     ]  69.21MB/75.51MB
 c049b4b5b81d Downloading [==========================>                        ]  53.48MB/102.5MB
 7fb55c4e976b Downloading [==================================================>]  55.16MB/55.16MB
 6b1ef42fa3bc Downloading [=============================================>     ]  69.21MB/75.51MB
 c049b4b5b81d Downloading [==========================>                        ]  53.48MB/102.5MB
 7fb55c4e976b Download complete 
 7fb55c4e976b Extracting 1 s
 6b1ef42fa3bc Downloading [==============================================>    ]  70.25MB/75.51MB
 c049b4b5b81d Downloading [==========================>                        ]  53.48MB/102.5MB
 6b1ef42fa3bc Downloading [==============================================>    ]  70.25MB/75.51MB
 c049b4b5b81d Downloading [==========================>                        ]  54.53MB/102.5MB
 7fb55c4e976b Extracting 1 s
 6b1ef42fa3bc Downloading [===============================================>   ]   71.3MB/75.51MB
 c049b4b5b81d Downloading [==========================>                        ]  54.53MB/102.5MB
 7fb55c4e976b Extracting 1 s
 7fb55c4e976b Extracting 1 s
 6b1ef42fa3bc Downloading [===============================================>   ]  72.35MB/75.51MB
 c049b4b5b81d Downloading [===========================>                       ]  55.57MB/102.5MB
 7fb55c4e976b Extracting 1 s
 6b1ef42fa3bc Downloading [===============================================>   ]  72.35MB/75.51MB
 c049b4b5b81d Downloading [===========================>                       ]  55.57MB/102.5MB
 2dfc70ad9941 Pull complete 
 feadeb862692 Pull complete 
 95d87e5ba19a Pull complete 
 fd1d3a5a5f79 Pull complete 
 76619c1908eb Pull complete 
 197a814c6a2c Pull complete 
 7fb55c4e976b Pull complete 
 prometheus Pulled 
 6b1ef42fa3bc Downloading [================================================>  ]   73.4MB/75.51MB
 c049b4b5b81d Downloading [===========================>                       ]  56.62MB/102.5MB
 c049b4b5b81d Downloading [===========================>                       ]  56.62MB/102.5MB
 6b1ef42fa3bc Downloading [=================================================> ]  74.45MB/75.51MB
 6b1ef42fa3bc Downloading [=================================================> ]  74.45MB/75.51MB
 c049b4b5b81d Downloading [===========================>                       ]  56.62MB/102.5MB
 6b1ef42fa3bc Download complete 
 c049b4b5b81d Downloading [============================>                      ]  57.67MB/102.5MB
 c049b4b5b81d Downloading [============================>                      ]  58.72MB/102.5MB
 c049b4b5b81d Downloading [============================>                      ]  58.72MB/102.5MB
 c049b4b5b81d Downloading [=============================>                     ]  59.77MB/102.5MB
 c049b4b5b81d Downloading [=============================>                     ]  60.82MB/102.5MB
 c049b4b5b81d Downloading [=============================>                     ]  60.82MB/102.5MB
 c049b4b5b81d Downloading [==============================>                    ]  61.87MB/102.5MB
 c049b4b5b81d Downloading [==============================>                    ]  62.91MB/102.5MB
 c049b4b5b81d Downloading [===============================>                   ]  63.96MB/102.5MB
 c049b4b5b81d Downloading [===============================>                   ]  65.01MB/102.5MB
 c049b4b5b81d Downloading [================================>                  ]  66.06MB/102.5MB
 c049b4b5b81d Downloading [================================>                  ]  67.11MB/102.5MB
 c049b4b5b81d Downloading [=================================>                 ]  68.16MB/102.5MB
 c049b4b5b81d Downloading [=================================>                 ]  69.21MB/102.5MB
 c049b4b5b81d Downloading [==================================>                ]  70.25MB/102.5MB
 c049b4b5b81d Downloading [==================================>                ]   71.3MB/102.5MB
 c049b4b5b81d Downloading [===================================>               ]  72.35MB/102.5MB
 c049b4b5b81d Downloading [====================================>              ]  74.45MB/102.5MB
 c049b4b5b81d Downloading [====================================>              ]   75.5MB/102.5MB
 c049b4b5b81d Downloading [=====================================>             ]  76.55MB/102.5MB
 c049b4b5b81d Downloading [=====================================>             ]  77.59MB/102.5MB
 c049b4b5b81d Downloading [======================================>            ]  78.64MB/102.5MB
 c049b4b5b81d Downloading [======================================>            ]  79.69MB/102.5MB
 c049b4b5b81d Downloading [=======================================>           ]  80.74MB/102.5MB
 c049b4b5b81d Downloading [=======================================>           ]  81.79MB/102.5MB
 c049b4b5b81d Downloading [========================================>          ]  82.84MB/102.5MB
 c049b4b5b81d Downloading [========================================>          ]  83.89MB/102.5MB
 c049b4b5b81d Downloading [=========================================>         ]  85.98MB/102.5MB
 c049b4b5b81d Downloading [==========================================>        ]  87.03MB/102.5MB
 c049b4b5b81d Downloading [==========================================>        ]  88.08MB/102.5MB
 c049b4b5b81d Downloading [===========================================>       ]  89.13MB/102.5MB
 c049b4b5b81d Downloading [============================================>      ]  90.18MB/102.5MB
 c049b4b5b81d Downloading [============================================>      ]  91.23MB/102.5MB
 c049b4b5b81d Downloading [=============================================>     ]  92.27MB/102.5MB
 c049b4b5b81d Downloading [=============================================>     ]  93.32MB/102.5MB
 c049b4b5b81d Downloading [==============================================>    ]  94.37MB/102.5MB
 c049b4b5b81d Downloading [==============================================>    ]  95.42MB/102.5MB
 c049b4b5b81d Downloading [===============================================>   ]  97.52MB/102.5MB
 c049b4b5b81d Downloading [================================================>  ]  98.57MB/102.5MB
 c049b4b5b81d Downloading [================================================>  ]  99.61MB/102.5MB
 c049b4b5b81d Downloading [=================================================> ]  100.7MB/102.5MB
 c049b4b5b81d Downloading [=================================================> ]  101.7MB/102.5MB
 c049b4b5b81d Download complete 
 c049b4b5b81d Extracting 1 s
 c049b4b5b81d Extracting 1 s
 c049b4b5b81d Extracting 1 s
 c049b4b5b81d Extracting 1 s
 c049b4b5b81d Extracting 1 s
 c049b4b5b81d Extracting 1 s
 c049b4b5b81d Extracting 1 s
 c049b4b5b81d Extracting 1 s
 c049b4b5b81d Extracting 1 s
 6b1ef42fa3bc Extracting 1 s
 c049b4b5b81d Pull complete 
 6b1ef42fa3bc Extracting 1 s
 6b1ef42fa3bc Extracting 1 s
 6b1ef42fa3bc Extracting 1 s
 6b1ef42fa3bc Extracting 1 s
 6b1ef42fa3bc Extracting 1 s
 6b1ef42fa3bc Extracting 1 s
 6b1ef42fa3bc Extracting 1 s
 6b1ef42fa3bc Extracting 1 s
 6b1ef42fa3bc Extracting 1 s
 476716c10da1 Pull complete 
 7f46d17c4b0f Pull complete 
 6b1ef42fa3bc Pull complete 
 grafana Pulled 
 Volume "complianceai_grafana-data"  Creating
 Volume "complianceai_grafana-data"  Created
 Volume "complianceai_prometheus-data"  Creating
 Volume "complianceai_prometheus-data"  Created
 Container kyc-prometheus  Creating
 Container kyc-prometheus  Created
 Container kyc-grafana  Creating
 Container kyc-grafana  Created
 Container kyc-prometheus  Starting
Error response from daemon: failed to create task for container: failed to create shim task: OCI runtime create failed: runc create failed: unable to start container process: error during container init: error mounting "/host_mnt/Users/krishna/Downloads/gaigenticai/ComplianceAI/monitoring/prometheus.yml" to rootfs at "/etc/prometheus/prometheus.yml": create mountpoint for /etc/prometheus/prometheus.yml mount: cannot create subdirectories in "/var/lib/docker/rootfs/overlayfs/5ea9f4b2ad98ea1f5ceb24b194e403815835faa669f5ca4eb0d8017f2f96d338/etc/prometheus/prometheus.yml": not a directory: unknown: Are you trying to mount a directory onto a file (or vice-versa)? Check if the specified host path exists and is the expected type
